{"level":"error","message":"middlewareError","meta":{"date":"Sun Jun 09 2024 20:39:44 GMT+0200 (Mitteleurop채ische Sommerzeit)","error":{"status":500},"exception":true,"level":"error","message":"uncaughtException: This is a test error\nError: This is a test error\n    at trow (C:\\Users\\Robin\\Documents\\shop-admin\\test\\backend\\controllers\\storeTables.js:76:17)\n    at Layer.handle [as handle_request] (C:\\Users\\Robin\\Documents\\shop-admin\\test\\backend\\node_modules\\express\\lib\\router\\layer.js:95:5)\n    at next (C:\\Users\\Robin\\Documents\\shop-admin\\test\\backend\\node_modules\\express\\lib\\router\\route.js:144:13)\n    at Route.dispatch (C:\\Users\\Robin\\Documents\\shop-admin\\test\\backend\\node_modules\\express\\lib\\router\\route.js:114:3)\n    at Layer.handle [as handle_request] (C:\\Users\\Robin\\Documents\\shop-admin\\test\\backend\\node_modules\\express\\lib\\router\\layer.js:95:5)\n    at C:\\Users\\Robin\\Documents\\shop-admin\\test\\backend\\node_modules\\express\\lib\\router\\index.js:284:15\n    at Function.process_params (C:\\Users\\Robin\\Documents\\shop-admin\\test\\backend\\node_modules\\express\\lib\\router\\index.js:346:12)\n    at next (C:\\Users\\Robin\\Documents\\shop-admin\\test\\backend\\node_modules\\express\\lib\\router\\index.js:280:10)\n    at Function.handle (C:\\Users\\Robin\\Documents\\shop-admin\\test\\backend\\node_modules\\express\\lib\\router\\index.js:175:3)\n    at router (C:\\Users\\Robin\\Documents\\shop-admin\\test\\backend\\node_modules\\express\\lib\\router\\index.js:47:12)","os":{"loadavg":[0,0,0],"uptime":15654.656},"process":{"argv":["C:\\Program Files\\nodejs\\node.exe","C:\\Users\\Robin\\Documents\\shop-admin\\test\\backend\\server.js"],"cwd":"C:\\Users\\Robin\\Documents\\shop-admin\\test\\backend","execPath":"C:\\Program Files\\nodejs\\node.exe","gid":null,"memoryUsage":{"arrayBuffers":313099,"external":2586598,"heapTotal":55025664,"heapUsed":31613256,"rss":74534912},"pid":17824,"uid":null,"version":"v20.12.0"},"req":{"headers":{"accept":"*/*","accept-encoding":"gzip, deflate, br","connection":"keep-alive","content-length":"1773","content-type":"multipart/form-data; boundary=--------------------------477434539415532799709690","host":"localhost:3131","postman-token":"b5e3a909-0c96-49cc-9e57-d2733cf1e63a","user-agent":"PostmanRuntime/7.39.0"},"httpVersion":"1.1","method":"GET","originalUrl":"/api/error-test","query":{},"url":"/api/error-test"},"stack":"Error: This is a test error\n    at trow (C:\\Users\\Robin\\Documents\\shop-admin\\test\\backend\\controllers\\storeTables.js:76:17)\n    at Layer.handle [as handle_request] (C:\\Users\\Robin\\Documents\\shop-admin\\test\\backend\\node_modules\\express\\lib\\router\\layer.js:95:5)\n    at next (C:\\Users\\Robin\\Documents\\shop-admin\\test\\backend\\node_modules\\express\\lib\\router\\route.js:144:13)\n    at Route.dispatch (C:\\Users\\Robin\\Documents\\shop-admin\\test\\backend\\node_modules\\express\\lib\\router\\route.js:114:3)\n    at Layer.handle [as handle_request] (C:\\Users\\Robin\\Documents\\shop-admin\\test\\backend\\node_modules\\express\\lib\\router\\layer.js:95:5)\n    at C:\\Users\\Robin\\Documents\\shop-admin\\test\\backend\\node_modules\\express\\lib\\router\\index.js:284:15\n    at Function.process_params (C:\\Users\\Robin\\Documents\\shop-admin\\test\\backend\\node_modules\\express\\lib\\router\\index.js:346:12)\n    at next (C:\\Users\\Robin\\Documents\\shop-admin\\test\\backend\\node_modules\\express\\lib\\router\\index.js:280:10)\n    at Function.handle (C:\\Users\\Robin\\Documents\\shop-admin\\test\\backend\\node_modules\\express\\lib\\router\\index.js:175:3)\n    at router (C:\\Users\\Robin\\Documents\\shop-admin\\test\\backend\\node_modules\\express\\lib\\router\\index.js:47:12)","trace":[{"column":17,"file":"C:\\Users\\Robin\\Documents\\shop-admin\\test\\backend\\controllers\\storeTables.js","function":"trow","line":76,"method":null,"native":false},{"column":5,"file":"C:\\Users\\Robin\\Documents\\shop-admin\\test\\backend\\node_modules\\express\\lib\\router\\layer.js","function":"Layer.handle [as handle_request]","line":95,"method":"handle [as handle_request]","native":false},{"column":13,"file":"C:\\Users\\Robin\\Documents\\shop-admin\\test\\backend\\node_modules\\express\\lib\\router\\route.js","function":"next","line":144,"method":null,"native":false},{"column":3,"file":"C:\\Users\\Robin\\Documents\\shop-admin\\test\\backend\\node_modules\\express\\lib\\router\\route.js","function":"Route.dispatch","line":114,"method":"dispatch","native":false},{"column":5,"file":"C:\\Users\\Robin\\Documents\\shop-admin\\test\\backend\\node_modules\\express\\lib\\router\\layer.js","function":"Layer.handle [as handle_request]","line":95,"method":"handle [as handle_request]","native":false},{"column":15,"file":"C:\\Users\\Robin\\Documents\\shop-admin\\test\\backend\\node_modules\\express\\lib\\router\\index.js","function":null,"line":284,"method":null,"native":false},{"column":12,"file":"C:\\Users\\Robin\\Documents\\shop-admin\\test\\backend\\node_modules\\express\\lib\\router\\index.js","function":"Function.process_params","line":346,"method":"process_params","native":false},{"column":10,"file":"C:\\Users\\Robin\\Documents\\shop-admin\\test\\backend\\node_modules\\express\\lib\\router\\index.js","function":"next","line":280,"method":null,"native":false},{"column":3,"file":"C:\\Users\\Robin\\Documents\\shop-admin\\test\\backend\\node_modules\\express\\lib\\router\\index.js","function":"Function.handle","line":175,"method":"handle","native":false},{"column":12,"file":"C:\\Users\\Robin\\Documents\\shop-admin\\test\\backend\\node_modules\\express\\lib\\router\\index.js","function":"router","line":47,"method":null,"native":false}]}}
{"level":"error","message":"middlewareError","meta":{"date":"Sun Jun 09 2024 20:40:07 GMT+0200 (Mitteleurop채ische Sommerzeit)","error":{"status":500},"exception":true,"level":"error","message":"uncaughtException: This is a test error\nError: This is a test error\n    at trow (C:\\Users\\Robin\\Documents\\shop-admin\\test\\backend\\controllers\\storeTables.js:76:17)\n    at Layer.handle [as handle_request] (C:\\Users\\Robin\\Documents\\shop-admin\\test\\backend\\node_modules\\express\\lib\\router\\layer.js:95:5)\n    at next (C:\\Users\\Robin\\Documents\\shop-admin\\test\\backend\\node_modules\\express\\lib\\router\\route.js:144:13)\n    at Route.dispatch (C:\\Users\\Robin\\Documents\\shop-admin\\test\\backend\\node_modules\\express\\lib\\router\\route.js:114:3)\n    at Layer.handle [as handle_request] (C:\\Users\\Robin\\Documents\\shop-admin\\test\\backend\\node_modules\\express\\lib\\router\\layer.js:95:5)\n    at C:\\Users\\Robin\\Documents\\shop-admin\\test\\backend\\node_modules\\express\\lib\\router\\index.js:284:15\n    at Function.process_params (C:\\Users\\Robin\\Documents\\shop-admin\\test\\backend\\node_modules\\express\\lib\\router\\index.js:346:12)\n    at next (C:\\Users\\Robin\\Documents\\shop-admin\\test\\backend\\node_modules\\express\\lib\\router\\index.js:280:10)\n    at Function.handle (C:\\Users\\Robin\\Documents\\shop-admin\\test\\backend\\node_modules\\express\\lib\\router\\index.js:175:3)\n    at router (C:\\Users\\Robin\\Documents\\shop-admin\\test\\backend\\node_modules\\express\\lib\\router\\index.js:47:12)","os":{"loadavg":[0,0,0],"uptime":15678.171},"process":{"argv":["C:\\Program Files\\nodejs\\node.exe","C:\\Users\\Robin\\Documents\\shop-admin\\test\\backend\\server.js"],"cwd":"C:\\Users\\Robin\\Documents\\shop-admin\\test\\backend","execPath":"C:\\Program Files\\nodejs\\node.exe","gid":null,"memoryUsage":{"arrayBuffers":206029,"external":2475639,"heapTotal":21807104,"heapUsed":19516272,"rss":53551104},"pid":17824,"uid":null,"version":"v20.12.0"},"req":{"headers":{"accept":"*/*","accept-encoding":"gzip, deflate, br","connection":"keep-alive","host":"localhost:3131","postman-token":"86a5848e-4854-47a8-b280-91ec799a409c","user-agent":"PostmanRuntime/7.39.0"},"httpVersion":"1.1","method":"GET","originalUrl":"/api/error-test","query":{},"url":"/api/error-test"},"stack":"Error: This is a test error\n    at trow (C:\\Users\\Robin\\Documents\\shop-admin\\test\\backend\\controllers\\storeTables.js:76:17)\n    at Layer.handle [as handle_request] (C:\\Users\\Robin\\Documents\\shop-admin\\test\\backend\\node_modules\\express\\lib\\router\\layer.js:95:5)\n    at next (C:\\Users\\Robin\\Documents\\shop-admin\\test\\backend\\node_modules\\express\\lib\\router\\route.js:144:13)\n    at Route.dispatch (C:\\Users\\Robin\\Documents\\shop-admin\\test\\backend\\node_modules\\express\\lib\\router\\route.js:114:3)\n    at Layer.handle [as handle_request] (C:\\Users\\Robin\\Documents\\shop-admin\\test\\backend\\node_modules\\express\\lib\\router\\layer.js:95:5)\n    at C:\\Users\\Robin\\Documents\\shop-admin\\test\\backend\\node_modules\\express\\lib\\router\\index.js:284:15\n    at Function.process_params (C:\\Users\\Robin\\Documents\\shop-admin\\test\\backend\\node_modules\\express\\lib\\router\\index.js:346:12)\n    at next (C:\\Users\\Robin\\Documents\\shop-admin\\test\\backend\\node_modules\\express\\lib\\router\\index.js:280:10)\n    at Function.handle (C:\\Users\\Robin\\Documents\\shop-admin\\test\\backend\\node_modules\\express\\lib\\router\\index.js:175:3)\n    at router (C:\\Users\\Robin\\Documents\\shop-admin\\test\\backend\\node_modules\\express\\lib\\router\\index.js:47:12)","trace":[{"column":17,"file":"C:\\Users\\Robin\\Documents\\shop-admin\\test\\backend\\controllers\\storeTables.js","function":"trow","line":76,"method":null,"native":false},{"column":5,"file":"C:\\Users\\Robin\\Documents\\shop-admin\\test\\backend\\node_modules\\express\\lib\\router\\layer.js","function":"Layer.handle [as handle_request]","line":95,"method":"handle [as handle_request]","native":false},{"column":13,"file":"C:\\Users\\Robin\\Documents\\shop-admin\\test\\backend\\node_modules\\express\\lib\\router\\route.js","function":"next","line":144,"method":null,"native":false},{"column":3,"file":"C:\\Users\\Robin\\Documents\\shop-admin\\test\\backend\\node_modules\\express\\lib\\router\\route.js","function":"Route.dispatch","line":114,"method":"dispatch","native":false},{"column":5,"file":"C:\\Users\\Robin\\Documents\\shop-admin\\test\\backend\\node_modules\\express\\lib\\router\\layer.js","function":"Layer.handle [as handle_request]","line":95,"method":"handle [as handle_request]","native":false},{"column":15,"file":"C:\\Users\\Robin\\Documents\\shop-admin\\test\\backend\\node_modules\\express\\lib\\router\\index.js","function":null,"line":284,"method":null,"native":false},{"column":12,"file":"C:\\Users\\Robin\\Documents\\shop-admin\\test\\backend\\node_modules\\express\\lib\\router\\index.js","function":"Function.process_params","line":346,"method":"process_params","native":false},{"column":10,"file":"C:\\Users\\Robin\\Documents\\shop-admin\\test\\backend\\node_modules\\express\\lib\\router\\index.js","function":"next","line":280,"method":null,"native":false},{"column":3,"file":"C:\\Users\\Robin\\Documents\\shop-admin\\test\\backend\\node_modules\\express\\lib\\router\\index.js","function":"Function.handle","line":175,"method":"handle","native":false},{"column":12,"file":"C:\\Users\\Robin\\Documents\\shop-admin\\test\\backend\\node_modules\\express\\lib\\router\\index.js","function":"router","line":47,"method":null,"native":false}]}}
{"level":"error","message":"middlewareError","meta":{"date":"Sun Jun 09 2024 20:40:08 GMT+0200 (Mitteleurop채ische Sommerzeit)","error":{"status":500},"exception":true,"level":"error","message":"uncaughtException: This is a test error\nError: This is a test error\n    at trow (C:\\Users\\Robin\\Documents\\shop-admin\\test\\backend\\controllers\\storeTables.js:76:17)\n    at Layer.handle [as handle_request] (C:\\Users\\Robin\\Documents\\shop-admin\\test\\backend\\node_modules\\express\\lib\\router\\layer.js:95:5)\n    at next (C:\\Users\\Robin\\Documents\\shop-admin\\test\\backend\\node_modules\\express\\lib\\router\\route.js:144:13)\n    at Route.dispatch (C:\\Users\\Robin\\Documents\\shop-admin\\test\\backend\\node_modules\\express\\lib\\router\\route.js:114:3)\n    at Layer.handle [as handle_request] (C:\\Users\\Robin\\Documents\\shop-admin\\test\\backend\\node_modules\\express\\lib\\router\\layer.js:95:5)\n    at C:\\Users\\Robin\\Documents\\shop-admin\\test\\backend\\node_modules\\express\\lib\\router\\index.js:284:15\n    at Function.process_params (C:\\Users\\Robin\\Documents\\shop-admin\\test\\backend\\node_modules\\express\\lib\\router\\index.js:346:12)\n    at next (C:\\Users\\Robin\\Documents\\shop-admin\\test\\backend\\node_modules\\express\\lib\\router\\index.js:280:10)\n    at Function.handle (C:\\Users\\Robin\\Documents\\shop-admin\\test\\backend\\node_modules\\express\\lib\\router\\index.js:175:3)\n    at router (C:\\Users\\Robin\\Documents\\shop-admin\\test\\backend\\node_modules\\express\\lib\\router\\index.js:47:12)","os":{"loadavg":[0,0,0],"uptime":15679},"process":{"argv":["C:\\Program Files\\nodejs\\node.exe","C:\\Users\\Robin\\Documents\\shop-admin\\test\\backend\\server.js"],"cwd":"C:\\Users\\Robin\\Documents\\shop-admin\\test\\backend","execPath":"C:\\Program Files\\nodejs\\node.exe","gid":null,"memoryUsage":{"arrayBuffers":219858,"external":2489468,"heapTotal":21807104,"heapUsed":19857688,"rss":53813248},"pid":17824,"uid":null,"version":"v20.12.0"},"req":{"headers":{"accept":"*/*","accept-encoding":"gzip, deflate, br","connection":"keep-alive","host":"localhost:3131","postman-token":"eea069ec-6dc9-480d-ac4e-93fcb8629a7e","user-agent":"PostmanRuntime/7.39.0"},"httpVersion":"1.1","method":"GET","originalUrl":"/api/error-test","query":{},"url":"/api/error-test"},"stack":"Error: This is a test error\n    at trow (C:\\Users\\Robin\\Documents\\shop-admin\\test\\backend\\controllers\\storeTables.js:76:17)\n    at Layer.handle [as handle_request] (C:\\Users\\Robin\\Documents\\shop-admin\\test\\backend\\node_modules\\express\\lib\\router\\layer.js:95:5)\n    at next (C:\\Users\\Robin\\Documents\\shop-admin\\test\\backend\\node_modules\\express\\lib\\router\\route.js:144:13)\n    at Route.dispatch (C:\\Users\\Robin\\Documents\\shop-admin\\test\\backend\\node_modules\\express\\lib\\router\\route.js:114:3)\n    at Layer.handle [as handle_request] (C:\\Users\\Robin\\Documents\\shop-admin\\test\\backend\\node_modules\\express\\lib\\router\\layer.js:95:5)\n    at C:\\Users\\Robin\\Documents\\shop-admin\\test\\backend\\node_modules\\express\\lib\\router\\index.js:284:15\n    at Function.process_params (C:\\Users\\Robin\\Documents\\shop-admin\\test\\backend\\node_modules\\express\\lib\\router\\index.js:346:12)\n    at next (C:\\Users\\Robin\\Documents\\shop-admin\\test\\backend\\node_modules\\express\\lib\\router\\index.js:280:10)\n    at Function.handle (C:\\Users\\Robin\\Documents\\shop-admin\\test\\backend\\node_modules\\express\\lib\\router\\index.js:175:3)\n    at router (C:\\Users\\Robin\\Documents\\shop-admin\\test\\backend\\node_modules\\express\\lib\\router\\index.js:47:12)","trace":[{"column":17,"file":"C:\\Users\\Robin\\Documents\\shop-admin\\test\\backend\\controllers\\storeTables.js","function":"trow","line":76,"method":null,"native":false},{"column":5,"file":"C:\\Users\\Robin\\Documents\\shop-admin\\test\\backend\\node_modules\\express\\lib\\router\\layer.js","function":"Layer.handle [as handle_request]","line":95,"method":"handle [as handle_request]","native":false},{"column":13,"file":"C:\\Users\\Robin\\Documents\\shop-admin\\test\\backend\\node_modules\\express\\lib\\router\\route.js","function":"next","line":144,"method":null,"native":false},{"column":3,"file":"C:\\Users\\Robin\\Documents\\shop-admin\\test\\backend\\node_modules\\express\\lib\\router\\route.js","function":"Route.dispatch","line":114,"method":"dispatch","native":false},{"column":5,"file":"C:\\Users\\Robin\\Documents\\shop-admin\\test\\backend\\node_modules\\express\\lib\\router\\layer.js","function":"Layer.handle [as handle_request]","line":95,"method":"handle [as handle_request]","native":false},{"column":15,"file":"C:\\Users\\Robin\\Documents\\shop-admin\\test\\backend\\node_modules\\express\\lib\\router\\index.js","function":null,"line":284,"method":null,"native":false},{"column":12,"file":"C:\\Users\\Robin\\Documents\\shop-admin\\test\\backend\\node_modules\\express\\lib\\router\\index.js","function":"Function.process_params","line":346,"method":"process_params","native":false},{"column":10,"file":"C:\\Users\\Robin\\Documents\\shop-admin\\test\\backend\\node_modules\\express\\lib\\router\\index.js","function":"next","line":280,"method":null,"native":false},{"column":3,"file":"C:\\Users\\Robin\\Documents\\shop-admin\\test\\backend\\node_modules\\express\\lib\\router\\index.js","function":"Function.handle","line":175,"method":"handle","native":false},{"column":12,"file":"C:\\Users\\Robin\\Documents\\shop-admin\\test\\backend\\node_modules\\express\\lib\\router\\index.js","function":"router","line":47,"method":null,"native":false}]}}
{"level":"error","message":"middlewareError","meta":{"date":"Sun Jun 09 2024 20:40:09 GMT+0200 (Mitteleurop채ische Sommerzeit)","error":{"status":500},"exception":true,"level":"error","message":"uncaughtException: This is a test error\nError: This is a test error\n    at trow (C:\\Users\\Robin\\Documents\\shop-admin\\test\\backend\\controllers\\storeTables.js:76:17)\n    at Layer.handle [as handle_request] (C:\\Users\\Robin\\Documents\\shop-admin\\test\\backend\\node_modules\\express\\lib\\router\\layer.js:95:5)\n    at next (C:\\Users\\Robin\\Documents\\shop-admin\\test\\backend\\node_modules\\express\\lib\\router\\route.js:144:13)\n    at Route.dispatch (C:\\Users\\Robin\\Documents\\shop-admin\\test\\backend\\node_modules\\express\\lib\\router\\route.js:114:3)\n    at Layer.handle [as handle_request] (C:\\Users\\Robin\\Documents\\shop-admin\\test\\backend\\node_modules\\express\\lib\\router\\layer.js:95:5)\n    at C:\\Users\\Robin\\Documents\\shop-admin\\test\\backend\\node_modules\\express\\lib\\router\\index.js:284:15\n    at Function.process_params (C:\\Users\\Robin\\Documents\\shop-admin\\test\\backend\\node_modules\\express\\lib\\router\\index.js:346:12)\n    at next (C:\\Users\\Robin\\Documents\\shop-admin\\test\\backend\\node_modules\\express\\lib\\router\\index.js:280:10)\n    at Function.handle (C:\\Users\\Robin\\Documents\\shop-admin\\test\\backend\\node_modules\\express\\lib\\router\\index.js:175:3)\n    at router (C:\\Users\\Robin\\Documents\\shop-admin\\test\\backend\\node_modules\\express\\lib\\router\\index.js:47:12)","os":{"loadavg":[0,0,0],"uptime":15679.39},"process":{"argv":["C:\\Program Files\\nodejs\\node.exe","C:\\Users\\Robin\\Documents\\shop-admin\\test\\backend\\server.js"],"cwd":"C:\\Users\\Robin\\Documents\\shop-admin\\test\\backend","execPath":"C:\\Program Files\\nodejs\\node.exe","gid":null,"memoryUsage":{"arrayBuffers":225491,"external":2495101,"heapTotal":21807104,"heapUsed":20025056,"rss":54034432},"pid":17824,"uid":null,"version":"v20.12.0"},"req":{"headers":{"accept":"*/*","accept-encoding":"gzip, deflate, br","connection":"keep-alive","host":"localhost:3131","postman-token":"bdacaeef-0963-4063-8e7d-b54feea15e90","user-agent":"PostmanRuntime/7.39.0"},"httpVersion":"1.1","method":"GET","originalUrl":"/api/error-test","query":{},"url":"/api/error-test"},"stack":"Error: This is a test error\n    at trow (C:\\Users\\Robin\\Documents\\shop-admin\\test\\backend\\controllers\\storeTables.js:76:17)\n    at Layer.handle [as handle_request] (C:\\Users\\Robin\\Documents\\shop-admin\\test\\backend\\node_modules\\express\\lib\\router\\layer.js:95:5)\n    at next (C:\\Users\\Robin\\Documents\\shop-admin\\test\\backend\\node_modules\\express\\lib\\router\\route.js:144:13)\n    at Route.dispatch (C:\\Users\\Robin\\Documents\\shop-admin\\test\\backend\\node_modules\\express\\lib\\router\\route.js:114:3)\n    at Layer.handle [as handle_request] (C:\\Users\\Robin\\Documents\\shop-admin\\test\\backend\\node_modules\\express\\lib\\router\\layer.js:95:5)\n    at C:\\Users\\Robin\\Documents\\shop-admin\\test\\backend\\node_modules\\express\\lib\\router\\index.js:284:15\n    at Function.process_params (C:\\Users\\Robin\\Documents\\shop-admin\\test\\backend\\node_modules\\express\\lib\\router\\index.js:346:12)\n    at next (C:\\Users\\Robin\\Documents\\shop-admin\\test\\backend\\node_modules\\express\\lib\\router\\index.js:280:10)\n    at Function.handle (C:\\Users\\Robin\\Documents\\shop-admin\\test\\backend\\node_modules\\express\\lib\\router\\index.js:175:3)\n    at router (C:\\Users\\Robin\\Documents\\shop-admin\\test\\backend\\node_modules\\express\\lib\\router\\index.js:47:12)","trace":[{"column":17,"file":"C:\\Users\\Robin\\Documents\\shop-admin\\test\\backend\\controllers\\storeTables.js","function":"trow","line":76,"method":null,"native":false},{"column":5,"file":"C:\\Users\\Robin\\Documents\\shop-admin\\test\\backend\\node_modules\\express\\lib\\router\\layer.js","function":"Layer.handle [as handle_request]","line":95,"method":"handle [as handle_request]","native":false},{"column":13,"file":"C:\\Users\\Robin\\Documents\\shop-admin\\test\\backend\\node_modules\\express\\lib\\router\\route.js","function":"next","line":144,"method":null,"native":false},{"column":3,"file":"C:\\Users\\Robin\\Documents\\shop-admin\\test\\backend\\node_modules\\express\\lib\\router\\route.js","function":"Route.dispatch","line":114,"method":"dispatch","native":false},{"column":5,"file":"C:\\Users\\Robin\\Documents\\shop-admin\\test\\backend\\node_modules\\express\\lib\\router\\layer.js","function":"Layer.handle [as handle_request]","line":95,"method":"handle [as handle_request]","native":false},{"column":15,"file":"C:\\Users\\Robin\\Documents\\shop-admin\\test\\backend\\node_modules\\express\\lib\\router\\index.js","function":null,"line":284,"method":null,"native":false},{"column":12,"file":"C:\\Users\\Robin\\Documents\\shop-admin\\test\\backend\\node_modules\\express\\lib\\router\\index.js","function":"Function.process_params","line":346,"method":"process_params","native":false},{"column":10,"file":"C:\\Users\\Robin\\Documents\\shop-admin\\test\\backend\\node_modules\\express\\lib\\router\\index.js","function":"next","line":280,"method":null,"native":false},{"column":3,"file":"C:\\Users\\Robin\\Documents\\shop-admin\\test\\backend\\node_modules\\express\\lib\\router\\index.js","function":"Function.handle","line":175,"method":"handle","native":false},{"column":12,"file":"C:\\Users\\Robin\\Documents\\shop-admin\\test\\backend\\node_modules\\express\\lib\\router\\index.js","function":"router","line":47,"method":null,"native":false}]}}
 2024-06-09T19:05:46.713Z error : uncaughtException: This is a test error
Error: This is a test error
    at trow (C:\Users\Robin\Documents\shop-admin\test\backend\controllers\storeTables.js:76:17)
    at Layer.handle [as handle_request] (C:\Users\Robin\Documents\shop-admin\test\backend\node_modules\express\lib\router\layer.js:95:5)
    at next (C:\Users\Robin\Documents\shop-admin\test\backend\node_modules\express\lib\router\route.js:144:13)
    at Route.dispatch (C:\Users\Robin\Documents\shop-admin\test\backend\node_modules\express\lib\router\route.js:114:3)
    at Layer.handle [as handle_request] (C:\Users\Robin\Documents\shop-admin\test\backend\node_modules\express\lib\router\layer.js:95:5)
    at C:\Users\Robin\Documents\shop-admin\test\backend\node_modules\express\lib\router\index.js:284:15
    at Function.process_params (C:\Users\Robin\Documents\shop-admin\test\backend\node_modules\express\lib\router\index.js:346:12)
    at next (C:\Users\Robin\Documents\shop-admin\test\backend\node_modules\express\lib\router\index.js:280:10)
    at Function.handle (C:\Users\Robin\Documents\shop-admin\test\backend\node_modules\express\lib\router\index.js:175:3)
    at router (C:\Users\Robin\Documents\shop-admin\test\backend\node_modules\express\lib\router\index.js:47:12)
2024-06-09T19:05:48.117Z error : uncaughtException: This is a test error
Error: This is a test error
    at trow (C:\Users\Robin\Documents\shop-admin\test\backend\controllers\storeTables.js:76:17)
    at Layer.handle [as handle_request] (C:\Users\Robin\Documents\shop-admin\test\backend\node_modules\express\lib\router\layer.js:95:5)
    at next (C:\Users\Robin\Documents\shop-admin\test\backend\node_modules\express\lib\router\route.js:144:13)
    at Route.dispatch (C:\Users\Robin\Documents\shop-admin\test\backend\node_modules\express\lib\router\route.js:114:3)
    at Layer.handle [as handle_request] (C:\Users\Robin\Documents\shop-admin\test\backend\node_modules\express\lib\router\layer.js:95:5)
    at C:\Users\Robin\Documents\shop-admin\test\backend\node_modules\express\lib\router\index.js:284:15
    at Function.process_params (C:\Users\Robin\Documents\shop-admin\test\backend\node_modules\express\lib\router\index.js:346:12)
    at next (C:\Users\Robin\Documents\shop-admin\test\backend\node_modules\express\lib\router\index.js:280:10)
    at Function.handle (C:\Users\Robin\Documents\shop-admin\test\backend\node_modules\express\lib\router\index.js:175:3)
    at router (C:\Users\Robin\Documents\shop-admin\test\backend\node_modules\express\lib\router\index.js:47:12)
